This file contains any messages produced by compilers while
running configure, to aid debugging if configure makes a mistake.

It was created by TestModule configure 1.0, which was
generated by GNU Autoconf 2.69.  Invocation command line was

  $ ./configure 

## --------- ##
## Platform. ##
## --------- ##

hostname = Toms-MacPro.local
uname -m = x86_64
uname -r = 14.1.0
uname -s = Darwin
uname -v = Darwin Kernel Version 14.1.0: Thu Feb 26 19:26:47 PST 2015; root:xnu-2782.10.73~1/RELEASE_X86_64

/usr/bin/uname -p = i386
/bin/uname -X     = unknown

/bin/arch              = unknown
/usr/bin/arch -k       = unknown
/usr/convex/getsysinfo = unknown
/usr/bin/hostinfo      = Mach kernel version:
	 Darwin Kernel Version 14.1.0: Thu Feb 26 19:26:47 PST 2015; root:xnu-2782.10.73~1/RELEASE_X86_64
Kernel configured for up to 8 processors.
4 processors are physically available.
8 processors are logically available.
Processor type: x86_64h (Intel x86-64h Haswell)
Processors active: 0 1 2 3 4 5 6 7
Primary memory available: 16.00 gigabytes
Default processor set: 217 tasks, 976 threads, 8 processors
Load average: 1.14, Mach factor: 6.85
/bin/machine           = unknown
/usr/bin/oslevel       = unknown
/bin/universe          = unknown

PATH: /Users/tclose/.jenv/shims
PATH: /Users/tclose/bin
PATH: /Users/tclose/Code/bin
PATH: /Users/tclose/git/phantom/bin
PATH: /Users/tclose/git/fouts/bin
PATH: /Users/tclose/git/mrtrix3/bin
PATH: /Users/tclose/git/mrtrix2/bin
PATH: /usr/local/Cellar/git-latexdiff/1.0.0/bin
PATH: /usr/local/opt/coreutils/libexec/gnubin
PATH: /usr/local/bin
PATH: /usr/local/sbin
PATH: /Applications/NEURON/7.3/bin/x86_64/bin
PATH: /Applications/NEST/2.4.2/bin
PATH: /Users/tclose/git/fouts/bash/
PATH: /usr/local/Cellar/chicken/4.9.0.1/bin
PATH: /usr/local/bin
PATH: /usr/bin
PATH: /bin
PATH: /usr/sbin
PATH: /sbin
PATH: /opt/X11/bin
PATH: /usr/texbin


## ----------- ##
## Core tests. ##
## ----------- ##

configure:2428: checking for a BSD-compatible install
configure:2496: result: /usr/local/opt/coreutils/libexec/gnubin/install -c
configure:2507: checking whether build environment is sane
configure:2562: result: yes
configure:2713: checking for a thread-safe mkdir -p
configure:2752: result: /usr/local/opt/coreutils/libexec/gnubin/mkdir -p
configure:2759: checking for gawk
configure:2789: result: no
configure:2759: checking for mawk
configure:2789: result: no
configure:2759: checking for nawk
configure:2789: result: no
configure:2759: checking for awk
configure:2775: found /usr/bin/awk
configure:2786: result: awk
configure:2797: checking whether make sets $(MAKE)
configure:2819: result: yes
configure:2848: checking whether make supports nested variables
configure:2865: result: yes
configure:2954: checking whether UID '508' is supported by ustar format
configure:2957: result: yes
configure:2964: checking whether GID '20' is supported by ustar format
configure:2967: result: yes
configure:2975: checking how to create a ustar tar archive
configure:2986: tar --version
bsdtar 2.8.3 - libarchive 2.8.3
configure:2989: $? = 0
configure:3029: tardir=conftest.dir && eval tar --format=ustar -chf - "$tardir" >conftest.tar
configure:3032: $? = 0
configure:3036: tar -xf - <conftest.tar
configure:3039: $? = 0
configure:3041: cat conftest.dir/file
GrepMe
configure:3044: $? = 0
configure:3057: result: gnutar
configure:3112: checking build system type
configure:3126: result: x86_64-apple-darwin14.1.0
configure:3146: checking host system type
configure:3159: result: x86_64-apple-darwin14.1.0
configure:3210: checking for nest-config 
configure:3213: checking for /usr/local/bin/nest-config
configure:3227: result: yes
configure:3235: result: found
configure:3240: checking for NEST directory information 
configure:3246: result: -I/Users/tclose/git/nest/build/libnestutil -I/Users/tclose/git/nest/{libnestutil,librandom,sli,nestkernel,nest,topology} -I/usr/local/Cellar/gsl/1.16/include -fopenmp
configure:3280: checking for style of include used by make
configure:3308: result: GNU
configure:3379: checking for gcc
configure:3395: found /usr/bin/gcc
configure:3406: result: gcc
configure:3635: checking for C compiler version
configure:3644: gcc --version >&5
sh: line 1: 49649 Trace/BPT trap: 5       /usr/bin/xcode-select -print-path 2> /dev/null
gcc: /usr/bin/xcode-select failed: Undefined error: 0
configure:3655: $? = 71
configure:3644: gcc -v >&5
sh: line 1: 49657 Trace/BPT trap: 5       /usr/bin/xcode-select -print-path 2> /dev/null
gcc: /usr/bin/xcode-select failed: Undefined error: 0
configure:3655: $? = 71
configure:3644: gcc -V >&5
clang: error: argument to '-V' is missing (expected 1 value)
clang: error: no input files
configure:3655: $? = 1
configure:3644: gcc -qversion >&5
clang: error: unknown argument: '-qversion'
clang: error: no input files
configure:3655: $? = 1
configure:3675: checking whether the C compiler works
configure:3697: gcc    conftest.c  >&5
configure:3701: $? = 0
configure:3749: result: yes
configure:3752: checking for C compiler default output file name
configure:3754: result: a.out
configure:3760: checking for suffix of executables
configure:3767: gcc -o conftest    conftest.c  >&5
configure:3771: $? = 0
configure:3793: result: 
configure:3815: checking whether we are cross compiling
configure:3823: gcc -o conftest    conftest.c  >&5
configure:3827: $? = 0
configure:3834: ./conftest
configure:3838: $? = 0
configure:3853: result: no
configure:3858: checking for suffix of object files
configure:3880: gcc -c   conftest.c >&5
configure:3884: $? = 0
configure:3905: result: o
configure:3909: checking whether we are using the GNU C compiler
configure:3928: gcc -c   conftest.c >&5
configure:3928: $? = 0
configure:3937: result: yes
configure:3946: checking whether gcc accepts -g
configure:3966: gcc -c -g  conftest.c >&5
configure:3966: $? = 0
configure:4007: result: yes
configure:4024: checking for gcc option to accept ISO C89
configure:4087: gcc  -c -g -O2  conftest.c >&5
configure:4087: $? = 0
configure:4100: result: none needed
configure:4125: checking whether gcc understands -c and -o together
configure:4147: gcc -c conftest.c -o conftest2.o
configure:4150: $? = 0
configure:4147: gcc -c conftest.c -o conftest2.o
configure:4150: $? = 0
configure:4162: result: yes
configure:4181: checking dependency style of gcc
configure:4292: result: gcc3
configure:4313: checking how to run the C preprocessor
configure:4344: gcc -E  conftest.c
configure:4344: $? = 0
configure:4358: gcc -E  conftest.c
conftest.c:11:10: fatal error: 'ac_nonexistent.h' file not found
#include <ac_nonexistent.h>
         ^
1 error generated.
configure:4358: $? = 1
configure: failed program was:
| /* confdefs.h */
| #define PACKAGE_NAME "TestModule"
| #define PACKAGE_TARNAME "testmodule"
| #define PACKAGE_VERSION "1.0"
| #define PACKAGE_STRING "TestModule 1.0"
| #define PACKAGE_BUGREPORT "nest_user@nest-initiative.org"
| #define PACKAGE_URL ""
| #define PACKAGE "testmodule"
| #define VERSION "1.0"
| /* end confdefs.h.  */
| #include <ac_nonexistent.h>
configure:4383: result: gcc -E
configure:4403: gcc -E  conftest.c
configure:4403: $? = 0
configure:4417: gcc -E  conftest.c
conftest.c:11:10: fatal error: 'ac_nonexistent.h' file not found
#include <ac_nonexistent.h>
         ^
1 error generated.
configure:4417: $? = 1
configure: failed program was:
| /* confdefs.h */
| #define PACKAGE_NAME "TestModule"
| #define PACKAGE_TARNAME "testmodule"
| #define PACKAGE_VERSION "1.0"
| #define PACKAGE_STRING "TestModule 1.0"
| #define PACKAGE_BUGREPORT "nest_user@nest-initiative.org"
| #define PACKAGE_URL ""
| #define PACKAGE "testmodule"
| #define VERSION "1.0"
| /* end confdefs.h.  */
| #include <ac_nonexistent.h>
configure:4446: checking for grep that handles long lines and -e
configure:4504: result: /usr/bin/grep
configure:4509: checking for egrep
configure:4571: result: /usr/bin/grep -E
configure:4576: checking for ANSI C header files
configure:4596: gcc -c -g -O2  conftest.c >&5
configure:4596: $? = 0
configure:4669: gcc -o conftest -g -O2   conftest.c  >&5
configure:4669: $? = 0
configure:4669: ./conftest
configure:4669: $? = 0
configure:4680: result: yes
configure:4693: checking for sys/types.h
configure:4693: gcc -c -g -O2  conftest.c >&5
configure:4693: $? = 0
configure:4693: result: yes
configure:4693: checking for sys/stat.h
configure:4693: gcc -c -g -O2  conftest.c >&5
configure:4693: $? = 0
configure:4693: result: yes
configure:4693: checking for stdlib.h
configure:4693: gcc -c -g -O2  conftest.c >&5
configure:4693: $? = 0
configure:4693: result: yes
configure:4693: checking for string.h
configure:4693: gcc -c -g -O2  conftest.c >&5
configure:4693: $? = 0
configure:4693: result: yes
configure:4693: checking for memory.h
configure:4693: gcc -c -g -O2  conftest.c >&5
configure:4693: $? = 0
configure:4693: result: yes
configure:4693: checking for strings.h
configure:4693: gcc -c -g -O2  conftest.c >&5
configure:4693: $? = 0
configure:4693: result: yes
configure:4693: checking for inttypes.h
configure:4693: gcc -c -g -O2  conftest.c >&5
configure:4693: $? = 0
configure:4693: result: yes
configure:4693: checking for stdint.h
configure:4693: gcc -c -g -O2  conftest.c >&5
configure:4693: $? = 0
configure:4693: result: yes
configure:4693: checking for unistd.h
configure:4693: gcc -c -g -O2  conftest.c >&5
configure:4693: $? = 0
configure:4693: result: yes
configure:4706: checking minix/config.h usability
configure:4706: gcc -c -g -O2  conftest.c >&5
conftest.c:54:10: fatal error: 'minix/config.h' file not found
#include <minix/config.h>
         ^
1 error generated.
configure:4706: $? = 1
configure: failed program was:
| /* confdefs.h */
| #define PACKAGE_NAME "TestModule"
| #define PACKAGE_TARNAME "testmodule"
| #define PACKAGE_VERSION "1.0"
| #define PACKAGE_STRING "TestModule 1.0"
| #define PACKAGE_BUGREPORT "nest_user@nest-initiative.org"
| #define PACKAGE_URL ""
| #define PACKAGE "testmodule"
| #define VERSION "1.0"
| #define STDC_HEADERS 1
| #define HAVE_SYS_TYPES_H 1
| #define HAVE_SYS_STAT_H 1
| #define HAVE_STDLIB_H 1
| #define HAVE_STRING_H 1
| #define HAVE_MEMORY_H 1
| #define HAVE_STRINGS_H 1
| #define HAVE_INTTYPES_H 1
| #define HAVE_STDINT_H 1
| #define HAVE_UNISTD_H 1
| /* end confdefs.h.  */
| #include <stdio.h>
| #ifdef HAVE_SYS_TYPES_H
| # include <sys/types.h>
| #endif
| #ifdef HAVE_SYS_STAT_H
| # include <sys/stat.h>
| #endif
| #ifdef STDC_HEADERS
| # include <stdlib.h>
| # include <stddef.h>
| #else
| # ifdef HAVE_STDLIB_H
| #  include <stdlib.h>
| # endif
| #endif
| #ifdef HAVE_STRING_H
| # if !defined STDC_HEADERS && defined HAVE_MEMORY_H
| #  include <memory.h>
| # endif
| # include <string.h>
| #endif
| #ifdef HAVE_STRINGS_H
| # include <strings.h>
| #endif
| #ifdef HAVE_INTTYPES_H
| # include <inttypes.h>
| #endif
| #ifdef HAVE_STDINT_H
| # include <stdint.h>
| #endif
| #ifdef HAVE_UNISTD_H
| # include <unistd.h>
| #endif
| #include <minix/config.h>
configure:4706: result: no
configure:4706: checking minix/config.h presence
configure:4706: gcc -E  conftest.c
conftest.c:21:10: fatal error: 'minix/config.h' file not found
#include <minix/config.h>
         ^
1 error generated.
configure:4706: $? = 1
configure: failed program was:
| /* confdefs.h */
| #define PACKAGE_NAME "TestModule"
| #define PACKAGE_TARNAME "testmodule"
| #define PACKAGE_VERSION "1.0"
| #define PACKAGE_STRING "TestModule 1.0"
| #define PACKAGE_BUGREPORT "nest_user@nest-initiative.org"
| #define PACKAGE_URL ""
| #define PACKAGE "testmodule"
| #define VERSION "1.0"
| #define STDC_HEADERS 1
| #define HAVE_SYS_TYPES_H 1
| #define HAVE_SYS_STAT_H 1
| #define HAVE_STDLIB_H 1
| #define HAVE_STRING_H 1
| #define HAVE_MEMORY_H 1
| #define HAVE_STRINGS_H 1
| #define HAVE_INTTYPES_H 1
| #define HAVE_STDINT_H 1
| #define HAVE_UNISTD_H 1
| /* end confdefs.h.  */
| #include <minix/config.h>
configure:4706: result: no
configure:4706: checking for minix/config.h
configure:4706: result: no
configure:4727: checking whether it is safe to define __EXTENSIONS__
configure:4745: gcc -c -g -O2  conftest.c >&5
configure:4745: $? = 0
configure:4752: result: yes
configure:4882: checking for C++ compiler version
configure:4891: g++-4.9 --version >&5
g++-4.9 (Homebrew gcc 4.9.2) 4.9.2
Copyright (C) 2014 Free Software Foundation, Inc.
This is free software; see the source for copying conditions.  There is NO
warranty; not even for MERCHANTABILITY or FITNESS FOR A PARTICULAR PURPOSE.

configure:4902: $? = 0
configure:4891: g++-4.9 -v >&5
Using built-in specs.
COLLECT_GCC=g++-4.9
COLLECT_LTO_WRAPPER=/usr/local/Cellar/gcc/4.9.2/libexec/gcc/x86_64-apple-darwin13.4.0/4.9.2/lto-wrapper
Target: x86_64-apple-darwin13.4.0
Configured with: ../configure --build=x86_64-apple-darwin13.4.0 --prefix=/usr/local/Cellar/gcc/4.9.2 --enable-languages=c,c++,objc,obj-c++,fortran --program-suffix=-4.9 --with-gmp=/usr/local/opt/gmp --with-mpfr=/usr/local/opt/mpfr --with-mpc=/usr/local/opt/libmpc --with-cloog=/usr/local/opt/cloog --with-isl=/usr/local/opt/isl --with-system-zlib --enable-version-specific-runtime-libs --enable-libstdcxx-time=yes --enable-stage1-checking --enable-checking=release --enable-lto --disable-werror --with-pkgversion='Homebrew gcc 4.9.2' --with-bugurl=https://github.com/Homebrew/homebrew/issues --enable-plugin --disable-nls --enable-multilib
Thread model: posix
gcc version 4.9.2 (Homebrew gcc 4.9.2) 
configure:4902: $? = 0
configure:4891: g++-4.9 -V >&5
g++-4.9: error: unrecognized command line option '-V'
g++-4.9: fatal error: no input files
compilation terminated.
configure:4902: $? = 1
configure:4891: g++-4.9 -qversion >&5
g++-4.9: error: unrecognized command line option '-qversion'
g++-4.9: fatal error: no input files
compilation terminated.
configure:4902: $? = 1
configure:4906: checking whether we are using the GNU C++ compiler
configure:4925: g++-4.9 -c   conftest.cpp >&5
configure:4925: $? = 0
configure:4934: result: yes
configure:4943: checking whether g++-4.9 accepts -g
configure:4963: g++-4.9 -c -g  conftest.cpp >&5
configure:4963: $? = 0
configure:5004: result: yes
configure:5029: checking dependency style of g++-4.9
configure:5140: result: gcc3
configure:5163: checking for a sed that does not truncate output
configure:5227: result: /usr/bin/sed
configure:5245: checking for fgrep
configure:5307: result: /usr/bin/grep -F
configure:5334: checking how to print strings
configure:5361: result: printf
configure:5394: checking for ld used by gcc
configure:5461: result: /Applications/Xcode.app/Contents/Developer/Toolchains/XcodeDefault.xctoolchain/usr/bin/ld
configure:5468: checking if the linker (/Applications/Xcode.app/Contents/Developer/Toolchains/XcodeDefault.xctoolchain/usr/bin/ld) is GNU ld
configure:5483: result: no
configure:5561: checking for BSD- or MS-compatible name lister (nm)
configure:5610: result: /usr/bin/nm
configure:5740: checking the name lister (/usr/bin/nm) interface
configure:5747: gcc -c -g -O2  conftest.c >&5
configure:5750: /usr/bin/nm "conftest.o"
configure:5753: output
0000000000000238 S _some_variable
configure:5760: result: BSD nm
configure:5763: checking whether ln -s works
configure:5767: result: yes
configure:5775: checking the maximum length of command line arguments
configure:5905: result: 196608
configure:5922: checking whether the shell understands some XSI constructs
configure:5932: result: yes
configure:5936: checking whether the shell understands "+="
configure:5942: result: yes
configure:5977: checking how to convert x86_64-apple-darwin14.1.0 file names to x86_64-apple-darwin14.1.0 format
configure:6017: result: func_convert_file_noop
configure:6024: checking how to convert x86_64-apple-darwin14.1.0 file names to toolchain format
configure:6044: result: func_convert_file_noop
configure:6051: checking for /Applications/Xcode.app/Contents/Developer/Toolchains/XcodeDefault.xctoolchain/usr/bin/ld option to reload object files
configure:6058: result: -r
configure:6132: checking for objdump
configure:6162: result: no
configure:6191: checking how to recognize dependent libraries
configure:6393: result: pass_all
configure:6478: checking for dlltool
configure:6508: result: no
configure:6538: checking how to associate runtime and link libraries
configure:6565: result: printf %s\n
configure:6625: checking for ar
configure:6641: found /usr/bin/ar
configure:6652: result: ar
configure:6689: checking for archiver @FILE support
configure:6706: gcc -c -g -O2  conftest.c >&5
configure:6706: $? = 0
configure:6709: ar cru libconftest.a @conftest.lst >&5
ar: @conftest.lst: No such file or directory
configure:6712: $? = 1
configure:6732: result: no
configure:6790: checking for strip
configure:6806: found /usr/bin/strip
configure:6817: result: strip
configure:6889: checking for ranlib
configure:6905: found /usr/bin/ranlib
configure:6916: result: ranlib
configure:7018: checking command to parse /usr/bin/nm output from gcc object
configure:7138: gcc -c -g -O2  conftest.c >&5
configure:7141: $? = 0
configure:7145: /usr/bin/nm conftest.o \| sed -n -e 's/^.*[ ]\([BCDEGRST][BCDEGRST]*\)[ ][ ]*\([_A-Za-z][_A-Za-z0-9]*\)$/\1 \2 \2/p' | sed '/ __gnu_lto/d' \> conftest.nm
configure:7148: $? = 0
cannot find nm_test_var in conftest.nm
configure:7138: gcc -c -g -O2  conftest.c >&5
configure:7141: $? = 0
configure:7145: /usr/bin/nm conftest.o \| sed -n -e 's/^.*[ ]\([BCDEGRST][BCDEGRST]*\)[ ][ ]*_\([_A-Za-z][_A-Za-z0-9]*\)$/\1 _\2 \2/p' | sed '/ __gnu_lto/d' \> conftest.nm
configure:7148: $? = 0
configure:7214: gcc -o conftest -g -O2   conftest.c conftstm.o >&5
configure:7217: $? = 0
configure:7255: result: ok
configure:7292: checking for sysroot
configure:7322: result: no
configure:7578: checking for mt
configure:7608: result: no
configure:7628: checking if : is a manifest tool
configure:7634: : '-?'
configure:7642: result: no
configure:7698: checking for dsymutil
configure:7714: found /usr/bin/dsymutil
configure:7725: result: dsymutil
configure:7790: checking for nmedit
configure:7806: found /usr/bin/nmedit
configure:7817: result: nmedit
configure:7882: checking for lipo
configure:7898: found /usr/bin/lipo
configure:7909: result: lipo
configure:7974: checking for otool
configure:7990: found /usr/bin/otool
configure:8001: result: otool
configure:8066: checking for otool64
configure:8096: result: no
configure:8141: checking for -single_module linker flag
gcc -g -O2  -o libconftest.dylib -dynamiclib -Wl,-single_module conftest.c
configure:8174: result: yes
configure:8177: checking for -exported_symbols_list linker flag
configure:8197: gcc -o conftest -g -O2   -Wl,-exported_symbols_list,conftest.sym conftest.c  >&5
configure:8197: $? = 0
configure:8207: result: yes
configure:8210: checking for -force_load linker flag
gcc -g -O2 -c -o conftest.o conftest.c
ar cru libconftest.a conftest.o
ranlib libconftest.a
gcc -g -O2  -o conftest conftest.c -Wl,-force_load,./libconftest.a
configure:8242: result: yes
configure:8281: checking for dlfcn.h
configure:8281: gcc -c -g -O2  conftest.c >&5
configure:8281: $? = 0
configure:8281: result: yes
configure:8498: checking for objdir
configure:8513: result: .libs
configure:8780: checking if gcc supports -fno-rtti -fno-exceptions
configure:8798: gcc -c -g -O2  -fno-rtti -fno-exceptions conftest.c >&5
configure:8802: $? = 0
configure:8815: result: yes
configure:9142: checking for gcc option to produce PIC
configure:9149: result: -fno-common -DPIC
configure:9157: checking if gcc PIC flag -fno-common -DPIC works
configure:9175: gcc -c -g -O2  -fno-common -DPIC -DPIC conftest.c >&5
configure:9179: $? = 0
configure:9192: result: yes
configure:9221: checking if gcc static flag -static works
configure:9249: result: no
configure:9264: checking if gcc supports -c -o file.o
configure:9285: gcc -c -g -O2  -o out/conftest2.o conftest.c >&5
configure:9289: $? = 0
configure:9311: result: yes
configure:9319: checking if gcc supports -c -o file.o
configure:9366: result: yes
configure:9399: checking whether the gcc linker (/Applications/Xcode.app/Contents/Developer/Toolchains/XcodeDefault.xctoolchain/usr/bin/ld) supports shared libraries
configure:10552: result: yes
configure:10792: checking dynamic linker characteristics
configure:11525: result: darwin14.1.0 dyld
configure:11632: checking how to hardcode library paths into programs
configure:11657: result: immediate
configure:12197: checking whether stripping libraries is possible
configure:12211: result: yes
configure:12237: checking if libtool supports shared libraries
configure:12239: result: yes
configure:12242: checking whether to build shared libraries
configure:12263: result: yes
configure:12266: checking whether to build static libraries
configure:12270: result: yes
configure:12293: checking how to run the C++ preprocessor
configure:12320: g++-4.9 -E  conftest.cpp
configure:12320: $? = 0
configure:12334: g++-4.9 -E  conftest.cpp
conftest.cpp:28:28: fatal error: ac_nonexistent.h: No such file or directory
 #include <ac_nonexistent.h>
                            ^
compilation terminated.
configure:12334: $? = 1
configure: failed program was:
| /* confdefs.h */
| #define PACKAGE_NAME "TestModule"
| #define PACKAGE_TARNAME "testmodule"
| #define PACKAGE_VERSION "1.0"
| #define PACKAGE_STRING "TestModule 1.0"
| #define PACKAGE_BUGREPORT "nest_user@nest-initiative.org"
| #define PACKAGE_URL ""
| #define PACKAGE "testmodule"
| #define VERSION "1.0"
| #define STDC_HEADERS 1
| #define HAVE_SYS_TYPES_H 1
| #define HAVE_SYS_STAT_H 1
| #define HAVE_STDLIB_H 1
| #define HAVE_STRING_H 1
| #define HAVE_MEMORY_H 1
| #define HAVE_STRINGS_H 1
| #define HAVE_INTTYPES_H 1
| #define HAVE_STDINT_H 1
| #define HAVE_UNISTD_H 1
| #define __EXTENSIONS__ 1
| #define _ALL_SOURCE 1
| #define _GNU_SOURCE 1
| #define _POSIX_PTHREAD_SEMANTICS 1
| #define _TANDEM_SOURCE 1
| #define HAVE_DLFCN_H 1
| #define LT_OBJDIR ".libs/"
| /* end confdefs.h.  */
| #include <ac_nonexistent.h>
configure:12359: result: g++-4.9 -E
configure:12379: g++-4.9 -E  conftest.cpp
configure:12379: $? = 0
configure:12393: g++-4.9 -E  conftest.cpp
conftest.cpp:28:28: fatal error: ac_nonexistent.h: No such file or directory
 #include <ac_nonexistent.h>
                            ^
compilation terminated.
configure:12393: $? = 1
configure: failed program was:
| /* confdefs.h */
| #define PACKAGE_NAME "TestModule"
| #define PACKAGE_TARNAME "testmodule"
| #define PACKAGE_VERSION "1.0"
| #define PACKAGE_STRING "TestModule 1.0"
| #define PACKAGE_BUGREPORT "nest_user@nest-initiative.org"
| #define PACKAGE_URL ""
| #define PACKAGE "testmodule"
| #define VERSION "1.0"
| #define STDC_HEADERS 1
| #define HAVE_SYS_TYPES_H 1
| #define HAVE_SYS_STAT_H 1
| #define HAVE_STDLIB_H 1
| #define HAVE_STRING_H 1
| #define HAVE_MEMORY_H 1
| #define HAVE_STRINGS_H 1
| #define HAVE_INTTYPES_H 1
| #define HAVE_STDINT_H 1
| #define HAVE_UNISTD_H 1
| #define __EXTENSIONS__ 1
| #define _ALL_SOURCE 1
| #define _GNU_SOURCE 1
| #define _POSIX_PTHREAD_SEMANTICS 1
| #define _TANDEM_SOURCE 1
| #define HAVE_DLFCN_H 1
| #define LT_OBJDIR ".libs/"
| /* end confdefs.h.  */
| #include <ac_nonexistent.h>
configure:12562: checking for ld used by g++-4.9
configure:12629: result: /Applications/Xcode.app/Contents/Developer/Toolchains/XcodeDefault.xctoolchain/usr/bin/ld
configure:12636: checking if the linker (/Applications/Xcode.app/Contents/Developer/Toolchains/XcodeDefault.xctoolchain/usr/bin/ld) is GNU ld
configure:12651: result: no
configure:12706: checking whether the g++-4.9 linker (/Applications/Xcode.app/Contents/Developer/Toolchains/XcodeDefault.xctoolchain/usr/bin/ld) supports shared libraries
configure:13711: result: yes
configure:13747: g++-4.9 -c   conftest.cpp >&5
configure:13750: $? = 0
configure:14270: checking for g++-4.9 option to produce PIC
configure:14277: result: -fno-common -DPIC
configure:14285: checking if g++-4.9 PIC flag -fno-common -DPIC works
configure:14303: g++-4.9 -c   -fno-common -DPIC -DPIC conftest.cpp >&5
configure:14307: $? = 0
configure:14320: result: yes
configure:14343: checking if g++-4.9 static flag -static works
configure:14371: result: no
configure:14383: checking if g++-4.9 supports -c -o file.o
configure:14404: g++-4.9 -c   -o out/conftest2.o conftest.cpp >&5
configure:14408: $? = 0
configure:14430: result: yes
configure:14435: checking if g++-4.9 supports -c -o file.o
configure:14482: result: yes
configure:14512: checking whether the g++-4.9 linker (/Applications/Xcode.app/Contents/Developer/Toolchains/XcodeDefault.xctoolchain/usr/bin/ld) supports shared libraries
configure:14548: result: yes
configure:14689: checking dynamic linker characteristics
configure:15356: result: darwin14.1.0 dyld
configure:15409: checking how to hardcode library paths into programs
configure:15434: result: immediate
configure:15514: checking how to run the C++ preprocessor
configure:15580: result: g++-4.9 -E
configure:15600: g++-4.9 -E  conftest.cpp
configure:15600: $? = 0
configure:15614: g++-4.9 -E  conftest.cpp
conftest.cpp:28:28: fatal error: ac_nonexistent.h: No such file or directory
 #include <ac_nonexistent.h>
                            ^
compilation terminated.
configure:15614: $? = 1
configure: failed program was:
| /* confdefs.h */
| #define PACKAGE_NAME "TestModule"
| #define PACKAGE_TARNAME "testmodule"
| #define PACKAGE_VERSION "1.0"
| #define PACKAGE_STRING "TestModule 1.0"
| #define PACKAGE_BUGREPORT "nest_user@nest-initiative.org"
| #define PACKAGE_URL ""
| #define PACKAGE "testmodule"
| #define VERSION "1.0"
| #define STDC_HEADERS 1
| #define HAVE_SYS_TYPES_H 1
| #define HAVE_SYS_STAT_H 1
| #define HAVE_STDLIB_H 1
| #define HAVE_STRING_H 1
| #define HAVE_MEMORY_H 1
| #define HAVE_STRINGS_H 1
| #define HAVE_INTTYPES_H 1
| #define HAVE_STDINT_H 1
| #define HAVE_UNISTD_H 1
| #define __EXTENSIONS__ 1
| #define _ALL_SOURCE 1
| #define _GNU_SOURCE 1
| #define _POSIX_PTHREAD_SEMANTICS 1
| #define _TANDEM_SOURCE 1
| #define HAVE_DLFCN_H 1
| #define LT_OBJDIR ".libs/"
| /* end confdefs.h.  */
| #include <ac_nonexistent.h>
configure:15647: checking for gmake
configure:15680: result: no
configure:15647: checking for make
configure:15665: found /usr/bin/make
configure:15677: result: /usr/bin/make
configure:15849: checking that generated files are newer than configure
configure:15855: result: done
configure:15882: creating ./config.status

## ---------------------- ##
## Running config.status. ##
## ---------------------- ##

This file was extended by TestModule config.status 1.0, which was
generated by GNU Autoconf 2.69.  Invocation command line was

  CONFIG_FILES    = 
  CONFIG_HEADERS  = 
  CONFIG_LINKS    = 
  CONFIG_COMMANDS = 
  $ ./config.status 

on Toms-MacPro.local

config.status:1170: creating Makefile
config.status:1170: creating TestModule_config.h
config.status:1351: TestModule_config.h is unchanged
config.status:1399: executing depfiles commands
config.status:1399: executing libtool commands
configure:18437: === configuring in libltdl (/Users/tclose/git/pype9/test/data/xml/9build/nest/MyModule/libltdl)
configure:18500: running /bin/sh ./configure --disable-option-checking '--prefix=/Applications/NEST/2.4.2'  'CXX=g++-4.9' '--enable-ltdl-convenience' --cache-file=/dev/null --srcdir=.

## ---------------- ##
## Cache variables. ##
## ---------------- ##

ac_cv_build=x86_64-apple-darwin14.1.0
ac_cv_c_compiler_gnu=yes
ac_cv_cxx_compiler_gnu=yes
ac_cv_env_CCC_set=
ac_cv_env_CCC_value=
ac_cv_env_CC_set=
ac_cv_env_CC_value=
ac_cv_env_CFLAGS_set=
ac_cv_env_CFLAGS_value=
ac_cv_env_CPPFLAGS_set=
ac_cv_env_CPPFLAGS_value=
ac_cv_env_CPP_set=
ac_cv_env_CPP_value=
ac_cv_env_CXXCPP_set=
ac_cv_env_CXXCPP_value=
ac_cv_env_CXXFLAGS_set=
ac_cv_env_CXXFLAGS_value=
ac_cv_env_CXX_set=set
ac_cv_env_CXX_value=g++-4.9
ac_cv_env_LDFLAGS_set=
ac_cv_env_LDFLAGS_value=
ac_cv_env_LIBS_set=
ac_cv_env_LIBS_value=
ac_cv_env_build_alias_set=
ac_cv_env_build_alias_value=
ac_cv_env_host_alias_set=
ac_cv_env_host_alias_value=
ac_cv_env_target_alias_set=
ac_cv_env_target_alias_value=
ac_cv_file__usr_local_bin_nest_config=yes
ac_cv_header_dlfcn_h=yes
ac_cv_header_inttypes_h=yes
ac_cv_header_memory_h=yes
ac_cv_header_minix_config_h=no
ac_cv_header_stdc=yes
ac_cv_header_stdint_h=yes
ac_cv_header_stdlib_h=yes
ac_cv_header_string_h=yes
ac_cv_header_strings_h=yes
ac_cv_header_sys_stat_h=yes
ac_cv_header_sys_types_h=yes
ac_cv_header_unistd_h=yes
ac_cv_host=x86_64-apple-darwin14.1.0
ac_cv_objext=o
ac_cv_path_EGREP='/usr/bin/grep -E'
ac_cv_path_FGREP='/usr/bin/grep -F'
ac_cv_path_GREP=/usr/bin/grep
ac_cv_path_MAKE=/usr/bin/make
ac_cv_path_SED=/usr/bin/sed
ac_cv_path_install='/usr/local/opt/coreutils/libexec/gnubin/install -c'
ac_cv_path_mkdir=/usr/local/opt/coreutils/libexec/gnubin/mkdir
ac_cv_prog_AWK=awk
ac_cv_prog_CPP='gcc -E'
ac_cv_prog_CXXCPP='g++-4.9 -E'
ac_cv_prog_ac_ct_AR=ar
ac_cv_prog_ac_ct_CC=gcc
ac_cv_prog_ac_ct_DSYMUTIL=dsymutil
ac_cv_prog_ac_ct_LIPO=lipo
ac_cv_prog_ac_ct_NMEDIT=nmedit
ac_cv_prog_ac_ct_OTOOL=otool
ac_cv_prog_ac_ct_RANLIB=ranlib
ac_cv_prog_ac_ct_STRIP=strip
ac_cv_prog_cc_c89=
ac_cv_prog_cc_g=yes
ac_cv_prog_cxx_g=yes
ac_cv_prog_make_make_set=yes
ac_cv_safe_to_define___extensions__=yes
am_cv_CC_dependencies_compiler_type=gcc3
am_cv_CXX_dependencies_compiler_type=gcc3
am_cv_make_support_nested_variables=yes
am_cv_prog_cc_c_o=yes
am_cv_prog_tar_ustar=gnutar
lt_cv_apple_cc_single_mod=yes
lt_cv_ar_at_file=no
lt_cv_deplibs_check_method=pass_all
lt_cv_file_magic_cmd='$MAGIC_CMD'
lt_cv_file_magic_test_file=
lt_cv_ld_exported_symbols_list=yes
lt_cv_ld_force_load=yes
lt_cv_ld_reload_flag=-r
lt_cv_nm_interface='BSD nm'
lt_cv_objdir=.libs
lt_cv_path_LD=/Applications/Xcode.app/Contents/Developer/Toolchains/XcodeDefault.xctoolchain/usr/bin/ld
lt_cv_path_LDCXX=/Applications/Xcode.app/Contents/Developer/Toolchains/XcodeDefault.xctoolchain/usr/bin/ld
lt_cv_path_NM=/usr/bin/nm
lt_cv_path_mainfest_tool=no
lt_cv_prog_compiler_c_o=yes
lt_cv_prog_compiler_c_o_CXX=yes
lt_cv_prog_compiler_pic='-fno-common -DPIC'
lt_cv_prog_compiler_pic_CXX='-fno-common -DPIC'
lt_cv_prog_compiler_pic_works=yes
lt_cv_prog_compiler_pic_works_CXX=yes
lt_cv_prog_compiler_rtti_exceptions=yes
lt_cv_prog_compiler_static_works=no
lt_cv_prog_compiler_static_works_CXX=no
lt_cv_prog_gnu_ld=no
lt_cv_prog_gnu_ldcxx=no
lt_cv_sharedlib_from_linklib_cmd='printf %s\n'
lt_cv_sys_global_symbol_pipe='sed -n -e '\''s/^.*[	 ]\([BCDEGRST][BCDEGRST]*\)[	 ][	 ]*_\([_A-Za-z][_A-Za-z0-9]*\)$/\1 _\2 \2/p'\'' | sed '\''/ __gnu_lto/d'\'''
lt_cv_sys_global_symbol_to_c_name_address='sed -n -e '\''s/^: \([^ ]*\)[ ]*$/  {\"\1\", (void *) 0},/p'\'' -e '\''s/^[BCDEGRST]* \([^ ]*\) \([^ ]*\)$/  {"\2", (void *) \&\2},/p'\'''
lt_cv_sys_global_symbol_to_c_name_address_lib_prefix='sed -n -e '\''s/^: \([^ ]*\)[ ]*$/  {\"\1\", (void *) 0},/p'\'' -e '\''s/^[BCDEGRST]* \([^ ]*\) \(lib[^ ]*\)$/  {"\2", (void *) \&\2},/p'\'' -e '\''s/^[BCDEGRST]* \([^ ]*\) \([^ ]*\)$/  {"lib\2", (void *) \&\2},/p'\'''
lt_cv_sys_global_symbol_to_cdecl='sed -n -e '\''s/^T .* \(.*\)$/extern int \1();/p'\'' -e '\''s/^[BCDEGRST]* .* \(.*\)$/extern char \1;/p'\'''
lt_cv_sys_max_cmd_len=196608
lt_cv_to_host_file_cmd=func_convert_file_noop
lt_cv_to_tool_file_cmd=func_convert_file_noop

## ----------------- ##
## Output variables. ##
## ----------------- ##

ACLOCAL='${SHELL} /Users/tclose/git/pype9/test/data/xml/9build/nest/MyModule/missing aclocal-1.14'
AMDEPBACKSLASH='\'
AMDEP_FALSE='#'
AMDEP_TRUE=''
AMTAR='$${TAR-tar}'
AM_BACKSLASH='\'
AM_CFLAGS=''
AM_CXXFLAGS=''
AM_DEFAULT_V='$(AM_DEFAULT_VERBOSITY)'
AM_DEFAULT_VERBOSITY='1'
AM_V='$(V)'
AR='ar'
ARFLAGS=''
AS=''
AUTOCONF='${SHELL} /Users/tclose/git/pype9/test/data/xml/9build/nest/MyModule/missing autoconf'
AUTOHEADER='${SHELL} /Users/tclose/git/pype9/test/data/xml/9build/nest/MyModule/missing autoheader'
AUTOMAKE='${SHELL} /Users/tclose/git/pype9/test/data/xml/9build/nest/MyModule/missing automake-1.14'
AWK='awk'
CC='gcc'
CCDEPMODE='depmode=gcc3'
CFLAGS='-g -O2'
CPP='gcc -E'
CPPFLAGS=''
CXX='g++-4.9'
CXXCPP='g++-4.9 -E'
CXXDEPMODE='depmode=gcc3'
CXXFLAGS=''
CXX_AR=''
CYGPATH_W='echo'
DEFS='-DHAVE_CONFIG_H'
DEPDIR='.deps'
DLLTOOL='false'
DSYMUTIL='dsymutil'
DUMPBIN=''
ECHO_C='\c'
ECHO_N=''
ECHO_T=''
EGREP='/usr/bin/grep -E'
EXEEXT=''
FGREP='/usr/bin/grep -F'
GREP='/usr/bin/grep'
HAVE_NEST='yes'
HELPDIRS='/Users/tclose/git/pype9/test/data/xml/9build/nest/MyModule:/Users/tclose/git/pype9/test/data/xml/9build/nest/MyModule/sli'
HOST=''
INCLTDL='-I${top_srcdir}/libltdl'
INSTALL_DATA='${INSTALL} -m 644'
INSTALL_PROGRAM='${INSTALL}'
INSTALL_SCRIPT='${INSTALL}'
INSTALL_STRIP_PROGRAM='$(install_sh) -c -s'
KERNEL=''
LD='/Applications/Xcode.app/Contents/Developer/Toolchains/XcodeDefault.xctoolchain/usr/bin/ld'
LDFLAGS=''
LIBLTDL='${top_build_prefix}libltdl/libltdlc.la'
LIBOBJS=''
LIBS=''
LIBTOOL='$(SHELL) $(top_builddir)/libtool'
LIPO='lipo'
LN_S='ln -s'
LTDLDEPS='${top_build_prefix}libltdl/libltdlc.la'
LTDLINCL='-I${top_srcdir}/libltdl'
LTLIBOBJS=''
MAKE='/usr/bin/make'
MAKEINFO='${SHELL} /Users/tclose/git/pype9/test/data/xml/9build/nest/MyModule/missing makeinfo'
MAKE_FLAGS=''
MANIFEST_TOOL=':'
MKDIR_P='/usr/local/opt/coreutils/libexec/gnubin/mkdir -p'
NEST_COMPILER='/usr/local/bin/g++-4.9'
NEST_CONFIG='/usr/local/bin/nest-config'
NEST_CPPFLAGS='-I/Users/tclose/git/nest/build/libnestutil -I/Users/tclose/git/nest/{libnestutil,librandom,sli,nestkernel,nest,topology} -I/usr/local/Cellar/gsl/1.16/include -fopenmp'
NEST_PREFIX='/Applications/NEST/2.4.2'
NM='/usr/bin/nm'
NMEDIT='nmedit'
OBJDUMP='false'
OBJEXT='o'
OTOOL64=':'
OTOOL='otool'
PACKAGE='testmodule'
PACKAGE_BUGREPORT='nest_user@nest-initiative.org'
PACKAGE_NAME='TestModule'
PACKAGE_STRING='TestModule 1.0'
PACKAGE_TARNAME='testmodule'
PACKAGE_URL=''
PACKAGE_VERSION='1.0'
PATH_SEPARATOR=':'
PKGBUILDDIR='/Users/tclose/git/pype9/test/data/xml/9build/nest/MyModule'
PKGDATADIR='${datarootdir}/testmodule'
PKGDOCDIR='${datarootdir}/doc/testmodule'
PKGSRCDIR='/Users/tclose/git/pype9/test/data/xml/9build/nest/MyModule'
RANLIB='ranlib'
SED='/usr/bin/sed'
SET_MAKE=''
SHELL='/bin/sh'
STRIP='strip'
VERSION='1.0'
ac_ct_AR='ar'
ac_ct_CC='gcc'
ac_ct_CXX=''
ac_ct_DUMPBIN=''
am__EXEEXT_FALSE=''
am__EXEEXT_TRUE='#'
am__fastdepCC_FALSE='#'
am__fastdepCC_TRUE=''
am__fastdepCXX_FALSE='#'
am__fastdepCXX_TRUE=''
am__include='include'
am__isrc=''
am__leading_dot='.'
am__nodep='_no'
am__quote=''
am__tar='tar --format=ustar -chf - "$$tardir"'
am__untar='tar -xf -'
bindir='${exec_prefix}/bin'
build='x86_64-apple-darwin14.1.0'
build_alias=''
build_cpu='x86_64'
build_os='darwin14.1.0'
build_vendor='apple'
datadir='${datarootdir}'
datarootdir='${prefix}/share'
docdir='${datarootdir}/doc/${PACKAGE_TARNAME}'
dvidir='${docdir}'
exec_prefix='${prefix}'
host='x86_64-apple-darwin14.1.0'
host_alias=''
host_cpu='x86_64'
host_os='darwin14.1.0'
host_vendor='apple'
htmldir='${docdir}'
includedir='${prefix}/include'
infodir='${datarootdir}/info'
install_sh='${SHELL} /Users/tclose/git/pype9/test/data/xml/9build/nest/MyModule/install-sh'
libdir='${exec_prefix}/lib'
libexecdir='${exec_prefix}/libexec'
localedir='${datarootdir}/locale'
localstatedir='${prefix}/var'
mandir='${datarootdir}/man'
mkdir_p='$(MKDIR_P)'
oldincludedir='/usr/include'
pdfdir='${docdir}'
prefix='/Applications/NEST/2.4.2'
program_transform_name='s,x,x,'
psdir='${docdir}'
sbindir='${exec_prefix}/sbin'
sharedstatedir='${prefix}/com'
subdirs=' libltdl'
sysconfdir='${prefix}/etc'
target_alias=''

## ----------- ##
## confdefs.h. ##
## ----------- ##

/* confdefs.h */
#define PACKAGE_NAME "TestModule"
#define PACKAGE_TARNAME "testmodule"
#define PACKAGE_VERSION "1.0"
#define PACKAGE_STRING "TestModule 1.0"
#define PACKAGE_BUGREPORT "nest_user@nest-initiative.org"
#define PACKAGE_URL ""
#define PACKAGE "testmodule"
#define VERSION "1.0"
#define STDC_HEADERS 1
#define HAVE_SYS_TYPES_H 1
#define HAVE_SYS_STAT_H 1
#define HAVE_STDLIB_H 1
#define HAVE_STRING_H 1
#define HAVE_MEMORY_H 1
#define HAVE_STRINGS_H 1
#define HAVE_INTTYPES_H 1
#define HAVE_STDINT_H 1
#define HAVE_UNISTD_H 1
#define __EXTENSIONS__ 1
#define _ALL_SOURCE 1
#define _GNU_SOURCE 1
#define _POSIX_PTHREAD_SEMANTICS 1
#define _TANDEM_SOURCE 1
#define HAVE_DLFCN_H 1
#define LT_OBJDIR ".libs/"

configure: exit 0

## ---------------------- ##
## Running config.status. ##
## ---------------------- ##

This file was extended by TestModule config.status 1.0, which was
generated by GNU Autoconf 2.69.  Invocation command line was

  CONFIG_FILES    = 
  CONFIG_HEADERS  = 
  CONFIG_LINKS    = 
  CONFIG_COMMANDS = 
  $ ./config.status Makefile depfiles

on Toms-MacPro.local

config.status:1170: creating Makefile
config.status:1399: executing depfiles commands
